2025-08-12 19:10:26 - performance - INFO - PERFORMANCE: {
  "timestamp": "2025-08-12T19:10:26.159064",
  "total_return": 0.0,
  "current_capital": -8897660.034179686,
  "sharpe_ratio": 0.0,
  "max_drawdown": 0.0,
  "total_trades": 1,
  "regime": "chop",
  "regime_confidence": 0.9166666666666666
}
2025-08-13 00:20:59 - performance - INFO - PERFORMANCE: {
  "timestamp": "2025-08-13T00:20:59.989679",
  "total_return": 0.0,
  "current_capital": -19180700.07324219,
  "sharpe_ratio": 0.0,
  "max_drawdown": 0.0,
  "total_trades": 1,
  "regime": "trend",
  "regime_confidence": 0.7777777777777778
}
2025-08-13 00:53:22 - performance - INFO - PERFORMANCE: {
  "timestamp": "2025-08-13T00:53:22.771661",
  "total_return": 0.0,
  "current_capital": -19180700.07324219,
  "sharpe_ratio": 0.0,
  "max_drawdown": 0.0,
  "total_trades": 1,
  "regime": "trend",
  "regime_confidence": 0.7777777777777778
}
2025-08-13 01:03:12 - performance - INFO - PERFORMANCE: {
  "timestamp": "2025-08-13T01:03:12.940142",
  "total_return": 0.0,
  "current_capital": 100000,
  "sharpe_ratio": 0.0,
  "max_drawdown": 0.0,
  "total_trades": 0,
  "regime": "trend",
  "regime_confidence": 0.7777777777777778
}
