2025-08-12 18:48:18,579 - __main__ - INFO - Loaded configuration from config/paper_trading_config.json
2025-08-12 18:48:18,580 - features.feature_engine - INFO - Initialized FeatureEngine
2025-08-12 18:48:18,580 - core.diagnostics - INFO - Initialized Diagnostics
2025-08-12 18:48:18,580 - __main__ - INFO - Initialized Paper Trading System with $100,000.00 capital
2025-08-12 18:48:48,341 - __main__ - INFO - Loaded configuration from config/paper_trading_config.json
2025-08-12 18:48:48,341 - features.feature_engine - INFO - Initialized FeatureEngine
2025-08-12 18:48:48,341 - core.diagnostics - INFO - Initialized Diagnostics
2025-08-12 18:48:48,341 - __main__ - INFO - Initialized Paper Trading System with $100,000.00 capital
2025-08-12 18:48:48,341 - __main__ - INFO - Starting daily trading cycle for 2025-08-12
2025-08-12 18:48:48,341 - __main__ - INFO - Fetching data for SPY
2025-08-12 18:48:48,345 - __main__ - INFO - Loaded 171 days of data for SPY
2025-08-12 18:48:48,345 - __main__ - INFO - Fetching data for QQQ
2025-08-12 18:48:48,346 - __main__ - WARNING - No data available for QQQ
2025-08-12 18:48:48,346 - __main__ - INFO - Fetching data for IWM
2025-08-12 18:48:48,346 - __main__ - WARNING - No data available for IWM
2025-08-12 18:48:48,346 - __main__ - INFO - Fetching data for AAPL
2025-08-12 18:48:48,349 - __main__ - INFO - Loaded 171 days of data for AAPL
2025-08-12 18:48:48,349 - __main__ - INFO - Fetching data for MSFT
2025-08-12 18:48:48,350 - __main__ - WARNING - No data available for MSFT
2025-08-12 18:48:48,350 - __main__ - INFO - Fetching data for GOOGL
2025-08-12 18:48:48,350 - __main__ - WARNING - No data available for GOOGL
2025-08-12 18:48:48,350 - __main__ - INFO - Fetching data for NVDA
2025-08-12 18:48:48,353 - __main__ - INFO - Loaded 171 days of data for NVDA
2025-08-12 18:48:48,353 - __main__ - INFO - Fetching data for TSLA
2025-08-12 18:48:48,353 - __main__ - WARNING - No data available for TSLA
2025-08-12 18:48:48,353 - features.feature_engine - INFO - Initialized FeatureEngine
2025-08-12 18:48:48,353 - strategies.ensemble_strategy - INFO - Initialized EnsembleStrategy with 5 trend features
2025-08-12 18:48:48,353 - strategies.ensemble_strategy - INFO - Generating ensemble signals...
2025-08-12 18:48:48,353 - features.feature_engine - INFO - Generating all features...
2025-08-12 18:48:48,378 - features.feature_engine - INFO - Generated 55 features
2025-08-12 18:48:48,378 - features.ensemble - INFO - Initialized SignalCombiner with 171 price observations
2025-08-12 18:48:48,378 - features.ensemble - INFO - Added feature 'SMA_Crossover_20_180' with 171 observations
2025-08-12 18:48:48,378 - features.ensemble - INFO - Added feature 'EMA_Crossover_20_180' with 171 observations
2025-08-12 18:48:48,379 - features.ensemble - INFO - Added feature 'MACD_Crossover' with 171 observations
2025-08-12 18:48:48,379 - features.ensemble - INFO - Added feature 'RSI_Momentum' with 171 observations
2025-08-12 18:48:48,379 - features.ensemble - INFO - Added feature 'Donchian_Breakout_20' with 171 observations
2025-08-12 18:48:48,379 - features.ensemble - INFO - Added feature 'RSI_2_Extreme' with 171 observations
2025-08-12 18:48:48,379 - features.ensemble - INFO - Added feature 'RSI_3_Extreme' with 171 observations
2025-08-12 18:48:48,379 - features.ensemble - INFO - Added feature 'ZScore_20' with 171 observations
2025-08-12 18:48:48,379 - features.ensemble - INFO - Added feature 'BB_Touch_Upper' with 171 observations
2025-08-12 18:48:48,380 - features.ensemble - INFO - Added feature 'BB_Touch_Lower' with 171 observations
2025-08-12 18:48:48,380 - features.ensemble - INFO - Added feature 'ATR_Pct' with 171 observations
2025-08-12 18:48:48,380 - features.ensemble - INFO - Added feature 'Realized_Vol_20' with 171 observations
2025-08-12 18:48:48,380 - features.ensemble - INFO - Added feature 'ADX_Trend' with 171 observations
2025-08-12 18:48:48,380 - features.ensemble - INFO - Added feature 'Vol_High' with 171 observations
2025-08-12 18:48:48,381 - features.ensemble - INFO - Added feature 'Vol_Low' with 171 observations
2025-08-12 18:48:48,381 - features.ensemble - WARNING - Feature OBV_Slope contains non-finite values, filling with 0
2025-08-12 18:48:48,381 - features.ensemble - INFO - Added feature 'OBV_Slope' with 171 observations
2025-08-12 18:48:48,381 - features.ensemble - INFO - Added feature 'Volume_ZScore' with 171 observations
2025-08-12 18:48:48,382 - features.ensemble - INFO - Added feature 'MFI_Overbought' with 171 observations
2025-08-12 18:48:48,382 - features.ensemble - INFO - Added feature 'MFI_Oversold' with 171 observations
2025-08-12 18:48:48,389 - features.ensemble - INFO - Computed weights using rolling_ic: {'SMA_Crossover_20_180': np.float64(0.0), 'EMA_Crossover_20_180': np.float64(-0.0627655490334323), 'MACD_Crossover': np.float64(0.001970765561809098), 'RSI_Momentum': np.float64(-0.018910526384809837), 'Donchian_Breakout_20': np.float64(-0.11800491117942112), 'RSI_2_Extreme': np.float64(-0.12917671363696795), 'RSI_3_Extreme': np.float64(-0.09470756096677195), 'ZScore_20': np.float64(-0.04803521738810468), 'BB_Touch_Upper': np.float64(-0.0478396976266405), 'BB_Touch_Lower': np.float64(0.02823345603528664), 'ATR_Pct': np.float64(0.09508973341519816), 'Realized_Vol_20': np.float64(0.07872471107370589), 'ADX_Trend': np.float64(0.0), 'Vol_High': np.float64(0.0), 'Vol_Low': np.float64(-0.0790915456067041), 'OBV_Slope': np.float64(0.00731450364895592), 'Volume_ZScore': np.float64(-0.029269541207094033), 'MFI_Overbought': np.float64(0.16086556723509796), 'MFI_Oversold': np.float64(0.0)}
2025-08-12 18:48:48,394 - features.ensemble - INFO - Combined 19 features into signal with mean confidence 0.338
2025-08-12 18:48:48,395 - strategies.ensemble_strategy - INFO - Applied confidence filter: 56 signals filtered out
2025-08-12 18:48:48,395 - strategies.ensemble_strategy - INFO - Generated ensemble signals with mean absolute value: 0.536
2025-08-12 18:48:48,395 - features.feature_engine - INFO - Initialized FeatureEngine
2025-08-12 18:48:48,395 - strategies.ensemble_strategy - INFO - Initialized EnsembleStrategy with 5 trend features
2025-08-12 18:48:48,395 - strategies.ensemble_strategy - INFO - Generating ensemble signals...
2025-08-12 18:48:48,395 - features.feature_engine - INFO - Generating all features...
2025-08-12 18:48:48,419 - features.feature_engine - INFO - Generated 55 features
2025-08-12 18:48:48,419 - features.ensemble - INFO - Initialized SignalCombiner with 171 price observations
2025-08-12 18:48:48,421 - features.ensemble - INFO - Initialized SignalCombiner with 171 price observations
2025-08-12 18:48:48,421 - features.ensemble - INFO - Added feature 'RSI_2_Extreme' with 171 observations
2025-08-12 18:48:48,421 - features.ensemble - INFO - Added feature 'RSI_3_Extreme' with 171 observations
2025-08-12 18:48:48,421 - features.ensemble - INFO - Added feature 'ZScore_20' with 171 observations
2025-08-12 18:48:48,422 - features.ensemble - INFO - Added feature 'BB_Touch_Upper' with 171 observations
2025-08-12 18:48:48,422 - features.ensemble - INFO - Added feature 'BB_Touch_Lower' with 171 observations
2025-08-12 18:48:48,423 - features.ensemble - INFO - Computed weights using rolling_ic: {'RSI_2_Extreme': np.float64(-0.3712052977277276), 'RSI_3_Extreme': np.float64(-0.27215391517497567), 'ZScore_20': np.float64(-0.13803515099539304), 'BB_Touch_Upper': np.float64(-0.1374733007266988), 'BB_Touch_Lower': np.float64(0.08113233537520488)}
2025-08-12 18:48:48,426 - features.ensemble - INFO - Combined 5 features into signal with mean confidence 0.208
2025-08-12 18:48:48,428 - features.ensemble - INFO - Initialized SignalCombiner with 171 price observations
2025-08-12 18:48:48,428 - features.ensemble - INFO - Added feature 'ATR_Pct' with 171 observations
2025-08-12 18:48:48,428 - features.ensemble - INFO - Added feature 'Realized_Vol_20' with 171 observations
2025-08-12 18:48:48,429 - features.ensemble - INFO - Added feature 'ADX_Trend' with 171 observations
2025-08-12 18:48:48,429 - features.ensemble - INFO - Added feature 'Vol_High' with 171 observations
2025-08-12 18:48:48,429 - features.ensemble - INFO - Added feature 'Vol_Low' with 171 observations
2025-08-12 18:48:48,431 - features.ensemble - INFO - Computed weights using rolling_ic: {'ATR_Pct': np.float64(0.375988458712467), 'Realized_Vol_20': np.float64(0.31128053172621545), 'ADX_Trend': np.float64(0.0), 'Vol_High': np.float64(0.0), 'Vol_Low': np.float64(-0.31273100956131744)}
2025-08-12 18:48:48,434 - features.ensemble - INFO - Combined 5 features into signal with mean confidence 0.584
2025-08-12 18:48:48,436 - strategies.ensemble_strategy - INFO - Applied confidence filter: 35 signals filtered out
2025-08-12 18:48:48,436 - strategies.ensemble_strategy - INFO - Generated ensemble signals with mean absolute value: 0.764
2025-08-12 18:48:48,436 - features.feature_engine - INFO - Initialized FeatureEngine
2025-08-12 18:48:48,436 - strategies.ensemble_strategy - INFO - Initialized EnsembleStrategy with 5 trend features
2025-08-12 18:48:48,436 - strategies.ensemble_strategy - INFO - Generating ensemble signals...
2025-08-12 18:48:48,436 - features.feature_engine - INFO - Generating all features...
2025-08-12 18:48:48,459 - features.feature_engine - INFO - Generated 55 features
2025-08-12 18:48:48,459 - features.ensemble - INFO - Initialized SignalCombiner with 171 price observations
2025-08-12 18:48:48,459 - features.ensemble - INFO - Added feature 'SMA_Crossover_20_180' with 171 observations
2025-08-12 18:48:48,459 - features.ensemble - INFO - Added feature 'EMA_Crossover_20_180' with 171 observations
2025-08-12 18:48:48,459 - features.ensemble - INFO - Added feature 'MACD_Crossover' with 171 observations
2025-08-12 18:48:48,459 - features.ensemble - INFO - Added feature 'RSI_Momentum' with 171 observations
2025-08-12 18:48:48,460 - features.ensemble - INFO - Added feature 'Donchian_Breakout_20' with 171 observations
2025-08-12 18:48:48,460 - features.ensemble - INFO - Added feature 'RSI_2_Extreme' with 171 observations
2025-08-12 18:48:48,460 - features.ensemble - INFO - Added feature 'RSI_3_Extreme' with 171 observations
2025-08-12 18:48:48,460 - features.ensemble - INFO - Added feature 'ZScore_20' with 171 observations
2025-08-12 18:48:48,460 - features.ensemble - INFO - Added feature 'BB_Touch_Upper' with 171 observations
2025-08-12 18:48:48,460 - features.ensemble - INFO - Added feature 'BB_Touch_Lower' with 171 observations
2025-08-12 18:48:48,460 - features.ensemble - INFO - Added feature 'ATR_Pct' with 171 observations
2025-08-12 18:48:48,460 - features.ensemble - INFO - Added feature 'Realized_Vol_20' with 171 observations
2025-08-12 18:48:48,460 - features.ensemble - INFO - Added feature 'ADX_Trend' with 171 observations
2025-08-12 18:48:48,461 - features.ensemble - INFO - Added feature 'Vol_High' with 171 observations
2025-08-12 18:48:48,461 - features.ensemble - INFO - Added feature 'Vol_Low' with 171 observations
2025-08-12 18:48:48,461 - features.ensemble - WARNING - Feature OBV_Slope contains non-finite values, filling with 0
2025-08-12 18:48:48,461 - features.ensemble - INFO - Added feature 'OBV_Slope' with 171 observations
2025-08-12 18:48:48,461 - features.ensemble - INFO - Added feature 'Volume_ZScore' with 171 observations
2025-08-12 18:48:48,461 - features.ensemble - INFO - Added feature 'MFI_Overbought' with 171 observations
2025-08-12 18:48:48,461 - features.ensemble - INFO - Added feature 'MFI_Oversold' with 171 observations
2025-08-12 18:48:48,465 - features.ensemble - INFO - Computed weights using sharpe: {'SMA_Crossover_20_180': 0.05263157894736842, 'EMA_Crossover_20_180': 0.05263157894736842, 'MACD_Crossover': 0.05263157894736842, 'RSI_Momentum': 0.05263157894736842, 'Donchian_Breakout_20': 0.05263157894736842, 'RSI_2_Extreme': 0.05263157894736842, 'RSI_3_Extreme': 0.05263157894736842, 'ZScore_20': 0.05263157894736842, 'BB_Touch_Upper': 0.05263157894736842, 'BB_Touch_Lower': 0.05263157894736842, 'ATR_Pct': 0.05263157894736842, 'Realized_Vol_20': 0.05263157894736842, 'ADX_Trend': 0.05263157894736842, 'Vol_High': 0.05263157894736842, 'Vol_Low': 0.05263157894736842, 'OBV_Slope': 0.05263157894736842, 'Volume_ZScore': 0.05263157894736842, 'MFI_Overbought': 0.05263157894736842, 'MFI_Oversold': 0.05263157894736842}
2025-08-12 18:48:48,470 - features.ensemble - INFO - Combined 19 features into signal with mean confidence 0.377
2025-08-12 18:48:48,470 - strategies.ensemble_strategy - INFO - Applied confidence filter: 103 signals filtered out
2025-08-12 18:48:48,471 - strategies.ensemble_strategy - INFO - Generated ensemble signals with mean absolute value: 0.242
2025-08-12 18:48:48,471 - __main__ - ERROR - Error generating signal for SPY with sma_crossover: Unknown strategy: sma_crossover. Available: ['sma', 'momentum', 'mean_reversion', 'ensemble']
2025-08-12 18:48:48,472 - features.feature_engine - INFO - Initialized FeatureEngine
2025-08-12 18:48:48,472 - strategies.ensemble_strategy - INFO - Initialized EnsembleStrategy with 5 trend features
2025-08-12 18:48:48,472 - strategies.ensemble_strategy - INFO - Generating ensemble signals...
2025-08-12 18:48:48,472 - features.feature_engine - INFO - Generating all features...
2025-08-12 18:48:48,494 - features.feature_engine - INFO - Generated 55 features
2025-08-12 18:48:48,495 - features.ensemble - INFO - Initialized SignalCombiner with 171 price observations
2025-08-12 18:48:48,495 - features.ensemble - INFO - Added feature 'SMA_Crossover_20_180' with 171 observations
2025-08-12 18:48:48,495 - features.ensemble - INFO - Added feature 'EMA_Crossover_20_180' with 171 observations
2025-08-12 18:48:48,495 - features.ensemble - INFO - Added feature 'MACD_Crossover' with 171 observations
2025-08-12 18:48:48,495 - features.ensemble - INFO - Added feature 'RSI_Momentum' with 171 observations
2025-08-12 18:48:48,495 - features.ensemble - INFO - Added feature 'Donchian_Breakout_20' with 171 observations
2025-08-12 18:48:48,496 - features.ensemble - INFO - Added feature 'RSI_2_Extreme' with 171 observations
2025-08-12 18:48:48,496 - features.ensemble - INFO - Added feature 'RSI_3_Extreme' with 171 observations
2025-08-12 18:48:48,496 - features.ensemble - INFO - Added feature 'ZScore_20' with 171 observations
2025-08-12 18:48:48,496 - features.ensemble - INFO - Added feature 'BB_Touch_Upper' with 171 observations
2025-08-12 18:48:48,496 - features.ensemble - INFO - Added feature 'BB_Touch_Lower' with 171 observations
2025-08-12 18:48:48,496 - features.ensemble - INFO - Added feature 'ATR_Pct' with 171 observations
2025-08-12 18:48:48,496 - features.ensemble - INFO - Added feature 'Realized_Vol_20' with 171 observations
2025-08-12 18:48:48,496 - features.ensemble - INFO - Added feature 'ADX_Trend' with 171 observations
2025-08-12 18:48:48,496 - features.ensemble - INFO - Added feature 'Vol_High' with 171 observations
2025-08-12 18:48:48,497 - features.ensemble - INFO - Added feature 'Vol_Low' with 171 observations
2025-08-12 18:48:48,497 - features.ensemble - WARNING - Feature OBV_Slope contains non-finite values, filling with 0
2025-08-12 18:48:48,497 - features.ensemble - INFO - Added feature 'OBV_Slope' with 171 observations
2025-08-12 18:48:48,497 - features.ensemble - INFO - Added feature 'Volume_ZScore' with 171 observations
2025-08-12 18:48:48,497 - features.ensemble - INFO - Added feature 'MFI_Overbought' with 171 observations
2025-08-12 18:48:48,497 - features.ensemble - INFO - Added feature 'MFI_Oversold' with 171 observations
2025-08-12 18:48:48,504 - features.ensemble - INFO - Computed weights using rolling_ic: {'SMA_Crossover_20_180': np.float64(0.0), 'EMA_Crossover_20_180': np.float64(-0.048606813135216045), 'MACD_Crossover': np.float64(-0.05896115547294268), 'RSI_Momentum': np.float64(0.018816786439187036), 'Donchian_Breakout_20': np.float64(0.022220906679697006), 'RSI_2_Extreme': np.float64(0.016573548108906117), 'RSI_3_Extreme': np.float64(-0.04219588399904818), 'ZScore_20': np.float64(-0.07522859660792139), 'BB_Touch_Upper': np.float64(0.23508920725718443), 'BB_Touch_Lower': np.float64(0.009082759179780115), 'ATR_Pct': np.float64(0.13756711146720998), 'Realized_Vol_20': np.float64(0.03427370380234636), 'ADX_Trend': np.float64(0.0), 'Vol_High': np.float64(0.0), 'Vol_Low': np.float64(0.030176210226887937), 'OBV_Slope': np.float64(0.11038440983121045), 'Volume_ZScore': np.float64(-0.032535891050034495), 'MFI_Overbought': np.float64(-0.12828701674242765), 'MFI_Oversold': np.float64(0.0)}
2025-08-12 18:48:48,508 - features.ensemble - INFO - Combined 19 features into signal with mean confidence 0.272
2025-08-12 18:48:48,509 - strategies.ensemble_strategy - INFO - Applied confidence filter: 88 signals filtered out
2025-08-12 18:48:48,509 - strategies.ensemble_strategy - INFO - Generated ensemble signals with mean absolute value: 0.346
2025-08-12 18:48:48,509 - features.feature_engine - INFO - Initialized FeatureEngine
2025-08-12 18:48:48,509 - strategies.ensemble_strategy - INFO - Initialized EnsembleStrategy with 5 trend features
2025-08-12 18:48:48,509 - strategies.ensemble_strategy - INFO - Generating ensemble signals...
2025-08-12 18:48:48,509 - features.feature_engine - INFO - Generating all features...
2025-08-12 18:48:48,531 - features.feature_engine - INFO - Generated 55 features
2025-08-12 18:48:48,532 - features.ensemble - INFO - Initialized SignalCombiner with 171 price observations
2025-08-12 18:48:48,534 - features.ensemble - INFO - Initialized SignalCombiner with 171 price observations
2025-08-12 18:48:48,534 - features.ensemble - INFO - Added feature 'RSI_2_Extreme' with 171 observations
2025-08-12 18:48:48,534 - features.ensemble - INFO - Added feature 'RSI_3_Extreme' with 171 observations
2025-08-12 18:48:48,534 - features.ensemble - INFO - Added feature 'ZScore_20' with 171 observations
2025-08-12 18:48:48,534 - features.ensemble - INFO - Added feature 'BB_Touch_Upper' with 171 observations
2025-08-12 18:48:48,534 - features.ensemble - INFO - Added feature 'BB_Touch_Lower' with 171 observations
2025-08-12 18:48:48,536 - features.ensemble - INFO - Computed weights using rolling_ic: {'RSI_2_Extreme': np.float64(0.043825655978359135), 'RSI_3_Extreme': np.float64(-0.11157914308350772), 'ZScore_20': np.float64(-0.19892798892603097), 'BB_Touch_Upper': np.float64(0.6216495498596375), 'BB_Touch_Lower': np.float64(0.02401766215246466)}
2025-08-12 18:48:48,539 - features.ensemble - INFO - Combined 5 features into signal with mean confidence 0.228
2025-08-12 18:48:48,540 - features.ensemble - INFO - Initialized SignalCombiner with 171 price observations
2025-08-12 18:48:48,540 - features.ensemble - INFO - Added feature 'ATR_Pct' with 171 observations
2025-08-12 18:48:48,540 - features.ensemble - INFO - Added feature 'Realized_Vol_20' with 171 observations
2025-08-12 18:48:48,540 - features.ensemble - INFO - Added feature 'ADX_Trend' with 171 observations
2025-08-12 18:48:48,541 - features.ensemble - INFO - Added feature 'Vol_High' with 171 observations
2025-08-12 18:48:48,541 - features.ensemble - INFO - Added feature 'Vol_Low' with 171 observations
2025-08-12 18:48:48,542 - features.ensemble - INFO - Computed weights using rolling_ic: {'ATR_Pct': np.float64(0.6809679091608609), 'Realized_Vol_20': np.float64(0.16965750148098094), 'ADX_Trend': np.float64(0.0), 'Vol_High': np.float64(0.0), 'Vol_Low': np.float64(0.1493745893581582)}
2025-08-12 18:48:48,545 - features.ensemble - INFO - Combined 5 features into signal with mean confidence 0.729
2025-08-12 18:48:48,546 - strategies.ensemble_strategy - INFO - Applied confidence filter: 32 signals filtered out
2025-08-12 18:48:48,547 - strategies.ensemble_strategy - INFO - Generated ensemble signals with mean absolute value: 0.783
2025-08-12 18:48:48,547 - features.feature_engine - INFO - Initialized FeatureEngine
2025-08-12 18:48:48,547 - strategies.ensemble_strategy - INFO - Initialized EnsembleStrategy with 5 trend features
2025-08-12 18:48:48,547 - strategies.ensemble_strategy - INFO - Generating ensemble signals...
2025-08-12 18:48:48,547 - features.feature_engine - INFO - Generating all features...
2025-08-12 18:48:48,569 - features.feature_engine - INFO - Generated 55 features
2025-08-12 18:48:48,570 - features.ensemble - INFO - Initialized SignalCombiner with 171 price observations
2025-08-12 18:48:48,570 - features.ensemble - INFO - Added feature 'SMA_Crossover_20_180' with 171 observations
2025-08-12 18:48:48,570 - features.ensemble - INFO - Added feature 'EMA_Crossover_20_180' with 171 observations
2025-08-12 18:48:48,570 - features.ensemble - INFO - Added feature 'MACD_Crossover' with 171 observations
2025-08-12 18:48:48,570 - features.ensemble - INFO - Added feature 'RSI_Momentum' with 171 observations
2025-08-12 18:48:48,571 - features.ensemble - INFO - Added feature 'Donchian_Breakout_20' with 171 observations
2025-08-12 18:48:48,571 - features.ensemble - INFO - Added feature 'RSI_2_Extreme' with 171 observations
2025-08-12 18:48:48,571 - features.ensemble - INFO - Added feature 'RSI_3_Extreme' with 171 observations
2025-08-12 18:48:48,571 - features.ensemble - INFO - Added feature 'ZScore_20' with 171 observations
2025-08-12 18:48:48,571 - features.ensemble - INFO - Added feature 'BB_Touch_Upper' with 171 observations
2025-08-12 18:48:48,571 - features.ensemble - INFO - Added feature 'BB_Touch_Lower' with 171 observations
2025-08-12 18:48:48,571 - features.ensemble - INFO - Added feature 'ATR_Pct' with 171 observations
2025-08-12 18:48:48,571 - features.ensemble - INFO - Added feature 'Realized_Vol_20' with 171 observations
2025-08-12 18:48:48,572 - features.ensemble - INFO - Added feature 'ADX_Trend' with 171 observations
2025-08-12 18:48:48,572 - features.ensemble - INFO - Added feature 'Vol_High' with 171 observations
2025-08-12 18:48:48,572 - features.ensemble - INFO - Added feature 'Vol_Low' with 171 observations
2025-08-12 18:48:48,572 - features.ensemble - WARNING - Feature OBV_Slope contains non-finite values, filling with 0
2025-08-12 18:48:48,572 - features.ensemble - INFO - Added feature 'OBV_Slope' with 171 observations
2025-08-12 18:48:48,572 - features.ensemble - INFO - Added feature 'Volume_ZScore' with 171 observations
2025-08-12 18:48:48,572 - features.ensemble - INFO - Added feature 'MFI_Overbought' with 171 observations
2025-08-12 18:48:48,573 - features.ensemble - INFO - Added feature 'MFI_Oversold' with 171 observations
2025-08-12 18:48:48,576 - features.ensemble - INFO - Computed weights using sharpe: {'SMA_Crossover_20_180': 0.05263157894736842, 'EMA_Crossover_20_180': 0.05263157894736842, 'MACD_Crossover': 0.05263157894736842, 'RSI_Momentum': 0.05263157894736842, 'Donchian_Breakout_20': 0.05263157894736842, 'RSI_2_Extreme': 0.05263157894736842, 'RSI_3_Extreme': 0.05263157894736842, 'ZScore_20': 0.05263157894736842, 'BB_Touch_Upper': 0.05263157894736842, 'BB_Touch_Lower': 0.05263157894736842, 'ATR_Pct': 0.05263157894736842, 'Realized_Vol_20': 0.05263157894736842, 'ADX_Trend': 0.05263157894736842, 'Vol_High': 0.05263157894736842, 'Vol_Low': 0.05263157894736842, 'OBV_Slope': 0.05263157894736842, 'Volume_ZScore': 0.05263157894736842, 'MFI_Overbought': 0.05263157894736842, 'MFI_Oversold': 0.05263157894736842}
2025-08-12 18:48:48,581 - features.ensemble - INFO - Combined 19 features into signal with mean confidence 0.347
2025-08-12 18:48:48,581 - strategies.ensemble_strategy - INFO - Applied confidence filter: 112 signals filtered out
2025-08-12 18:48:48,582 - strategies.ensemble_strategy - INFO - Generated ensemble signals with mean absolute value: 0.242
2025-08-12 18:48:48,582 - __main__ - ERROR - Error generating signal for AAPL with sma_crossover: Unknown strategy: sma_crossover. Available: ['sma', 'momentum', 'mean_reversion', 'ensemble']
2025-08-12 18:48:48,583 - features.feature_engine - INFO - Initialized FeatureEngine
2025-08-12 18:48:48,583 - strategies.ensemble_strategy - INFO - Initialized EnsembleStrategy with 5 trend features
2025-08-12 18:48:48,583 - strategies.ensemble_strategy - INFO - Generating ensemble signals...
2025-08-12 18:48:48,583 - features.feature_engine - INFO - Generating all features...
2025-08-12 18:48:48,605 - features.feature_engine - INFO - Generated 55 features
2025-08-12 18:48:48,605 - features.ensemble - INFO - Initialized SignalCombiner with 171 price observations
2025-08-12 18:48:48,606 - features.ensemble - INFO - Added feature 'SMA_Crossover_20_180' with 171 observations
2025-08-12 18:48:48,606 - features.ensemble - INFO - Added feature 'EMA_Crossover_20_180' with 171 observations
2025-08-12 18:48:48,606 - features.ensemble - INFO - Added feature 'MACD_Crossover' with 171 observations
2025-08-12 18:48:48,606 - features.ensemble - INFO - Added feature 'RSI_Momentum' with 171 observations
2025-08-12 18:48:48,606 - features.ensemble - INFO - Added feature 'Donchian_Breakout_20' with 171 observations
2025-08-12 18:48:48,606 - features.ensemble - INFO - Added feature 'RSI_2_Extreme' with 171 observations
2025-08-12 18:48:48,606 - features.ensemble - INFO - Added feature 'RSI_3_Extreme' with 171 observations
2025-08-12 18:48:48,606 - features.ensemble - INFO - Added feature 'ZScore_20' with 171 observations
2025-08-12 18:48:48,607 - features.ensemble - INFO - Added feature 'BB_Touch_Upper' with 171 observations
2025-08-12 18:48:48,607 - features.ensemble - INFO - Added feature 'BB_Touch_Lower' with 171 observations
2025-08-12 18:48:48,607 - features.ensemble - INFO - Added feature 'ATR_Pct' with 171 observations
2025-08-12 18:48:48,607 - features.ensemble - INFO - Added feature 'Realized_Vol_20' with 171 observations
2025-08-12 18:48:48,607 - features.ensemble - INFO - Added feature 'ADX_Trend' with 171 observations
2025-08-12 18:48:48,607 - features.ensemble - INFO - Added feature 'Vol_High' with 171 observations
2025-08-12 18:48:48,607 - features.ensemble - INFO - Added feature 'Vol_Low' with 171 observations
2025-08-12 18:48:48,607 - features.ensemble - WARNING - Feature OBV_Slope contains non-finite values, filling with 0
2025-08-12 18:48:48,608 - features.ensemble - INFO - Added feature 'OBV_Slope' with 171 observations
2025-08-12 18:48:48,608 - features.ensemble - INFO - Added feature 'Volume_ZScore' with 171 observations
2025-08-12 18:48:48,608 - features.ensemble - INFO - Added feature 'MFI_Overbought' with 171 observations
2025-08-12 18:48:48,608 - features.ensemble - INFO - Added feature 'MFI_Oversold' with 171 observations
2025-08-12 18:48:48,614 - features.ensemble - INFO - Computed weights using rolling_ic: {'SMA_Crossover_20_180': np.float64(0.0), 'EMA_Crossover_20_180': np.float64(-0.08479731557530609), 'MACD_Crossover': np.float64(-0.09815521886774088), 'RSI_Momentum': np.float64(-0.04324360837144747), 'Donchian_Breakout_20': np.float64(-0.061195299195368924), 'RSI_2_Extreme': np.float64(-0.02170159519501867), 'RSI_3_Extreme': np.float64(-0.10521319628946124), 'ZScore_20': np.float64(-0.08614968713886115), 'BB_Touch_Upper': np.float64(0.012945998171192092), 'BB_Touch_Lower': np.float64(0.01787535630022575), 'ATR_Pct': np.float64(0.06739260568225026), 'Realized_Vol_20': np.float64(0.03826868254258111), 'ADX_Trend': np.float64(0.0), 'Vol_High': np.float64(0.0), 'Vol_Low': np.float64(-0.03132454268898764), 'OBV_Slope': np.float64(0.20328602602060825), 'Volume_ZScore': np.float64(0.07489555048031567), 'MFI_Overbought': np.float64(0.05355531748063487), 'MFI_Oversold': np.float64(0.0)}
2025-08-12 18:48:48,619 - features.ensemble - INFO - Combined 19 features into signal with mean confidence 0.319
2025-08-12 18:48:48,619 - strategies.ensemble_strategy - INFO - Applied confidence filter: 58 signals filtered out
2025-08-12 18:48:48,620 - strategies.ensemble_strategy - INFO - Generated ensemble signals with mean absolute value: 0.560
2025-08-12 18:48:48,620 - features.feature_engine - INFO - Initialized FeatureEngine
2025-08-12 18:48:48,620 - strategies.ensemble_strategy - INFO - Initialized EnsembleStrategy with 5 trend features
2025-08-12 18:48:48,620 - strategies.ensemble_strategy - INFO - Generating ensemble signals...
2025-08-12 18:48:48,620 - features.feature_engine - INFO - Generating all features...
2025-08-12 18:48:48,642 - features.feature_engine - INFO - Generated 55 features
2025-08-12 18:48:48,642 - features.ensemble - INFO - Initialized SignalCombiner with 171 price observations
2025-08-12 18:48:48,644 - features.ensemble - INFO - Initialized SignalCombiner with 171 price observations
2025-08-12 18:48:48,644 - features.ensemble - INFO - Added feature 'RSI_2_Extreme' with 171 observations
2025-08-12 18:48:48,644 - features.ensemble - INFO - Added feature 'RSI_3_Extreme' with 171 observations
2025-08-12 18:48:48,644 - features.ensemble - INFO - Added feature 'ZScore_20' with 171 observations
2025-08-12 18:48:48,644 - features.ensemble - INFO - Added feature 'BB_Touch_Upper' with 171 observations
2025-08-12 18:48:48,645 - features.ensemble - INFO - Added feature 'BB_Touch_Lower' with 171 observations
2025-08-12 18:48:48,646 - features.ensemble - INFO - Computed weights using rolling_ic: {'RSI_2_Extreme': np.float64(-0.08898259861853794), 'RSI_3_Extreme': np.float64(-0.43140347659546885), 'ZScore_20': np.float64(-0.3532377672195036), 'BB_Touch_Upper': np.float64(0.05308220656737401), 'BB_Touch_Lower': np.float64(0.07329395099911562)}
2025-08-12 18:48:48,649 - features.ensemble - INFO - Combined 5 features into signal with mean confidence 0.310
2025-08-12 18:48:48,651 - features.ensemble - INFO - Initialized SignalCombiner with 171 price observations
2025-08-12 18:48:48,651 - features.ensemble - INFO - Added feature 'ATR_Pct' with 171 observations
2025-08-12 18:48:48,651 - features.ensemble - INFO - Added feature 'Realized_Vol_20' with 171 observations
2025-08-12 18:48:48,651 - features.ensemble - INFO - Added feature 'ADX_Trend' with 171 observations
2025-08-12 18:48:48,651 - features.ensemble - INFO - Added feature 'Vol_High' with 171 observations
2025-08-12 18:48:48,651 - features.ensemble - INFO - Added feature 'Vol_Low' with 171 observations
2025-08-12 18:48:48,653 - features.ensemble - INFO - Computed weights using rolling_ic: {'ATR_Pct': np.float64(0.49196771105946374), 'Realized_Vol_20': np.float64(0.2793623419830686), 'ADX_Trend': np.float64(0.0), 'Vol_High': np.float64(0.0), 'Vol_Low': np.float64(-0.22866994695746776)}
2025-08-12 18:48:48,656 - features.ensemble - INFO - Combined 5 features into signal with mean confidence 0.563
2025-08-12 18:48:48,657 - strategies.ensemble_strategy - INFO - Applied confidence filter: 7 signals filtered out
2025-08-12 18:48:48,658 - strategies.ensemble_strategy - INFO - Generated ensemble signals with mean absolute value: 0.949
2025-08-12 18:48:48,658 - features.feature_engine - INFO - Initialized FeatureEngine
2025-08-12 18:48:48,658 - strategies.ensemble_strategy - INFO - Initialized EnsembleStrategy with 5 trend features
2025-08-12 18:48:48,658 - strategies.ensemble_strategy - INFO - Generating ensemble signals...
2025-08-12 18:48:48,658 - features.feature_engine - INFO - Generating all features...
2025-08-12 18:48:48,679 - features.feature_engine - INFO - Generated 55 features
2025-08-12 18:48:48,680 - features.ensemble - INFO - Initialized SignalCombiner with 171 price observations
2025-08-12 18:48:48,680 - features.ensemble - INFO - Added feature 'SMA_Crossover_20_180' with 171 observations
2025-08-12 18:48:48,680 - features.ensemble - INFO - Added feature 'EMA_Crossover_20_180' with 171 observations
2025-08-12 18:48:48,680 - features.ensemble - INFO - Added feature 'MACD_Crossover' with 171 observations
2025-08-12 18:48:48,680 - features.ensemble - INFO - Added feature 'RSI_Momentum' with 171 observations
2025-08-12 18:48:48,681 - features.ensemble - INFO - Added feature 'Donchian_Breakout_20' with 171 observations
2025-08-12 18:48:48,681 - features.ensemble - INFO - Added feature 'RSI_2_Extreme' with 171 observations
2025-08-12 18:48:48,681 - features.ensemble - INFO - Added feature 'RSI_3_Extreme' with 171 observations
2025-08-12 18:48:48,681 - features.ensemble - INFO - Added feature 'ZScore_20' with 171 observations
2025-08-12 18:48:48,681 - features.ensemble - INFO - Added feature 'BB_Touch_Upper' with 171 observations
2025-08-12 18:48:48,681 - features.ensemble - INFO - Added feature 'BB_Touch_Lower' with 171 observations
2025-08-12 18:48:48,681 - features.ensemble - INFO - Added feature 'ATR_Pct' with 171 observations
2025-08-12 18:48:48,682 - features.ensemble - INFO - Added feature 'Realized_Vol_20' with 171 observations
2025-08-12 18:48:48,682 - features.ensemble - INFO - Added feature 'ADX_Trend' with 171 observations
2025-08-12 18:48:48,682 - features.ensemble - INFO - Added feature 'Vol_High' with 171 observations
2025-08-12 18:48:48,682 - features.ensemble - INFO - Added feature 'Vol_Low' with 171 observations
2025-08-12 18:48:48,682 - features.ensemble - WARNING - Feature OBV_Slope contains non-finite values, filling with 0
2025-08-12 18:48:48,682 - features.ensemble - INFO - Added feature 'OBV_Slope' with 171 observations
2025-08-12 18:48:48,683 - features.ensemble - INFO - Added feature 'Volume_ZScore' with 171 observations
2025-08-12 18:48:48,683 - features.ensemble - INFO - Added feature 'MFI_Overbought' with 171 observations
2025-08-12 18:48:48,683 - features.ensemble - INFO - Added feature 'MFI_Oversold' with 171 observations
2025-08-12 18:48:48,686 - features.ensemble - INFO - Computed weights using sharpe: {'SMA_Crossover_20_180': 0.05263157894736842, 'EMA_Crossover_20_180': 0.05263157894736842, 'MACD_Crossover': 0.05263157894736842, 'RSI_Momentum': 0.05263157894736842, 'Donchian_Breakout_20': 0.05263157894736842, 'RSI_2_Extreme': 0.05263157894736842, 'RSI_3_Extreme': 0.05263157894736842, 'ZScore_20': 0.05263157894736842, 'BB_Touch_Upper': 0.05263157894736842, 'BB_Touch_Lower': 0.05263157894736842, 'ATR_Pct': 0.05263157894736842, 'Realized_Vol_20': 0.05263157894736842, 'ADX_Trend': 0.05263157894736842, 'Vol_High': 0.05263157894736842, 'Vol_Low': 0.05263157894736842, 'OBV_Slope': 0.05263157894736842, 'Volume_ZScore': 0.05263157894736842, 'MFI_Overbought': 0.05263157894736842, 'MFI_Oversold': 0.05263157894736842}
2025-08-12 18:48:48,691 - features.ensemble - INFO - Combined 19 features into signal with mean confidence 0.460
2025-08-12 18:48:48,691 - strategies.ensemble_strategy - INFO - Applied confidence filter: 85 signals filtered out
2025-08-12 18:48:48,692 - strategies.ensemble_strategy - INFO - Generated ensemble signals with mean absolute value: 0.383
2025-08-12 18:48:48,692 - __main__ - ERROR - Error generating signal for NVDA with sma_crossover: Unknown strategy: sma_crossover. Available: ['sma', 'momentum', 'mean_reversion', 'ensemble']
2025-08-12 18:48:48,693 - __main__ - INFO - Executed trade: SELL 10.78 SPY at $635.92
2025-08-12 18:48:48,693 - __main__ - INFO - Executed trade: BUY 44.02 AAPL at $227.18
2025-08-12 18:48:48,693 - __main__ - INFO - Executed trade: BUY 44.02 AAPL at $227.18
2025-08-12 18:48:48,693 - __main__ - INFO - Executed trade: BUY 44.02 AAPL at $227.18
2025-08-12 18:48:48,693 - __main__ - INFO - Executed trade: BUY 44.02 AAPL at $227.18
2025-08-12 18:48:48,693 - __main__ - INFO - Executed trade: SELL 44.02 AAPL at $227.18
2025-08-12 18:48:48,693 - __main__ - INFO - Executed trade: SELL 54.93 NVDA at $182.06
2025-08-12 18:48:48,693 - __main__ - INFO - Executed trade: BUY 54.93 NVDA at $182.06
2025-08-12 18:48:48,693 - __main__ - INFO - Completed daily trading cycle for 2025-08-12
